SF:lib\models\base_response.dart
DA:2,0
DA:14,0
DA:15,0
DA:16,0
DA:17,0
DA:18,0
LF:6
LH:0
end_of_record
SF:lib\models\movie_response.dart
DA:8,0
DA:22,0
DA:23,0
DA:24,0
DA:26,0
DA:27,0
DA:28,0
DA:31,0
DA:32,0
DA:33,0
DA:34,0
DA:35,0
DA:36,0
DA:41,0
DA:49,0
DA:51,0
DA:53,0
DA:56,0
DA:57,0
DA:59,0
DA:60,0
DA:62,0
DA:67,0
DA:99,0
DA:100,0
DA:101,0
DA:102,0
DA:103,0
DA:104,0
DA:105,0
DA:106,0
DA:107,0
DA:108,0
DA:109,0
DA:110,0
DA:111,0
DA:112,0
DA:113,0
DA:116,0
DA:117,0
DA:118,0
DA:119,0
DA:120,0
DA:121,0
DA:122,0
DA:123,0
DA:124,0
DA:125,0
DA:127,0
DA:128,0
DA:129,0
DA:130,0
DA:131,0
LF:53
LH:0
end_of_record
SF:lib\services\network_service.dart
DA:14,0
DA:16,1
DA:18,1
DA:20,3
DA:23,1
DA:24,1
DA:31,1
DA:36,1
DA:39,1
DA:45,3
DA:46,1
DA:49,0
DA:50,0
DA:51,0
DA:53,0
DA:57,0
DA:58,0
DA:59,0
DA:62,1
DA:63,1
DA:64,0
DA:65,0
LF:22
LH:12
end_of_record
SF:lib\utils\generic_exception.dart
DA:2,0
LF:1
LH:0
end_of_record
SF:lib\utils\network_exception.dart
DA:6,1
DA:10,1
DA:11,0
DA:12,2
DA:13,2
DA:14,3
DA:15,3
LF:7
LH:6
end_of_record
